<?xml version="1.0" encoding="UTF-8"?>
<testng-results skipped="0" failed="0" ignored="0" total="1" passed="1">
  <reporter-output>
  </reporter-output>
  <suite name="Default suite" duration-ms="127407" started-at="2018-05-29T18:01:30Z" finished-at="2018-05-29T18:03:38Z">
    <groups>
    </groups>
    <test name="Default test" duration-ms="127407" started-at="2018-05-29T18:01:30Z" finished-at="2018-05-29T18:03:38Z">
      <class name="One">
        <test-method status="PASS" signature="test()[pri:0, instance:One@36d4b5c]" name="test" duration-ms="127378" started-at="2018-05-29T23:31:30Z" finished-at="2018-05-29T23:33:38Z">
          <reporter-output>
          </reporter-output>
        </test-method> <!-- test -->
      </class> <!-- One -->
    </test> <!-- Default test -->
  </suite> <!-- Default suite -->
</testng-results>
